févr. 07, 2016 3:19:32 AM esi.util.Config <clinit>
INFOS: Logger configured: file:/home/rosa/IDL/RepairingToolPerformanceAppraisal/soft/finch/conf/logging.properties
févr. 07, 2016 3:19:32 AM esi.util.Config <clinit>
INFOS: Loaded properties: file:/home/rosa/IDL/RepairingToolPerformanceAppraisal/soft/finch/conf/esi.properties
févr. 07, 2016 3:19:32 AM esi.finch.ecj.Experiment <init>
INFOS: Experiment configured:
    -file /home/rosa/IDL/RepairingToolPerformanceAppraisal/soft/finch/bin/esi/finch/probs/intro-class.params
    -p eval.problem=esi.finch.ecj.bc.BytecodeProblem
    -p prefix=../output/ecj/cp
    -p stat.file=$../output/ecj/ecj.log
févr. 07, 2016 3:19:32 AM esi.finch.ecj.Experiment run
INFOS: Running experiment esi.finch.ecj.bc.BytecodeProblem / intro-class.params
févr. 07, 2016 3:19:32 AM esi.finch.ecj.bc.BytecodeProblem setup
INFOS: Bytecode problem set up:
    eval-class=esi.finch.probs.IntroClassEvaluator
    timeout=5000ms
    steps=0
févr. 07, 2016 3:19:32 AM esi.finch.ecj.immutable.ImmutableCrossoverPipeline setup
INFOS: Crossover pipeline set up
févr. 07, 2016 3:19:32 AM esi.finch.ecj.immutable.ImmutableMutationPipeline setup
INFOS: Mutation pipeline set up
févr. 07, 2016 3:19:32 AM esi.finch.ecj.bc.BytecodeIndividual setup
INFOS: Bytecode individual set up:
    class=esi.finch.probs.syllables_fcf701e8_002
    method=exec()V
    size=150
    xo-class=esi.finch.xo.GaussianCrossoverFinder
    mut-class=none
    max-growth=4.0
févr. 07, 2016 3:19:32 AM esi.finch.ecj.immutable.ImmutableSpecies setup
INFOS: Species set up:
    xo=0.9
    mut=0.0
févr. 07, 2016 3:19:32 AM esi.finch.ecj.bc.BytecodeStatistics postInitializationStatistics
INFOS: Population initialized:
    sub-pop 0 size=1000
févr. 07, 2016 3:21:35 AM esi.finch.xo.RandomCrossoverFinder getSuggestion
AVERTISSEMENT: Compatible crossover: DEST=esi.finch.probs.syllables_fcf701e8_002.exec()V, SRC=esi.finch.probs.syllables_fcf701e8_002_G2_T0_514.exec()V failed after 1000 attempts
févr. 07, 2016 3:21:51 AM esi.finch.xo.RandomCrossoverFinder getSuggestion
AVERTISSEMENT: Compatible crossover: DEST=esi.finch.probs.syllables_fcf701e8_002_G4_T1_1405.exec()V, SRC=esi.finch.probs.syllables_fcf701e8_002_G4_T1_1667.exec()V failed after 1000 attempts
févr. 07, 2016 3:21:55 AM esi.finch.xo.RandomCrossoverFinder getSuggestion
AVERTISSEMENT: Compatible crossover: DEST=esi.finch.probs.syllables_fcf701e8_002_G4_T1_1722.exec()V, SRC=esi.finch.probs.syllables_fcf701e8_002_G4_T1_1511.exec()V failed after 1000 attempts
févr. 07, 2016 3:21:58 AM esi.finch.xo.RandomCrossoverFinder getSuggestion
AVERTISSEMENT: Compatible crossover: DEST=esi.finch.probs.syllables_fcf701e8_002_G4_T1_1497.exec()V, SRC=esi.finch.probs.syllables_fcf701e8_002_G4_T1_1382.exec()V failed after 1000 attempts
févr. 07, 2016 3:22:06 AM esi.finch.xo.RandomCrossoverFinder getSuggestion
AVERTISSEMENT: Compatible crossover: DEST=esi.finch.probs.syllables_fcf701e8_002_G5_T0_1920.exec()V, SRC=esi.finch.probs.syllables_fcf701e8_002_G5_T0_1813.exec()V failed after 1000 attempts
févr. 07, 2016 3:22:10 AM esi.finch.xo.RandomCrossoverFinder getSuggestion
AVERTISSEMENT: Compatible crossover: DEST=esi.finch.probs.syllables_fcf701e8_002_G5_T1_1997.exec()V, SRC=esi.finch.probs.syllables_fcf701e8_002_G5_T0_2109.exec()V failed after 1000 attempts
févr. 07, 2016 3:22:12 AM esi.finch.xo.RandomCrossoverFinder getSuggestion
AVERTISSEMENT: Compatible crossover: DEST=esi.finch.probs.syllables_fcf701e8_002_G4_T1_1473.exec()V, SRC=esi.finch.probs.syllables_fcf701e8_002_G5_T1_1877.exec()V failed after 1000 attempts
févr. 07, 2016 3:22:14 AM esi.finch.xo.RandomCrossoverFinder getSuggestion
AVERTISSEMENT: Compatible crossover: DEST=esi.finch.probs.syllables_fcf701e8_002_G5_T0_1909.exec()V, SRC=esi.finch.probs.syllables_fcf701e8_002_G5_T0_1920.exec()V failed after 1000 attempts
févr. 07, 2016 3:22:14 AM esi.finch.xo.RandomCrossoverFinder getSuggestion
AVERTISSEMENT: Compatible crossover: DEST=esi.finch.probs.syllables_fcf701e8_002_G5_T0_1808.exec()V, SRC=esi.finch.probs.syllables_fcf701e8_002_G5_T1_2040.exec()V failed after 1000 attempts
févr. 07, 2016 3:22:18 AM esi.finch.xo.RandomCrossoverFinder getSuggestion
AVERTISSEMENT: Compatible crossover: DEST=esi.finch.probs.syllables_fcf701e8_002_G5_T0_1927.exec()V, SRC=esi.finch.probs.syllables_fcf701e8_002_G5_T1_2198.exec()V failed after 1000 attempts
févr. 07, 2016 3:22:20 AM esi.finch.xo.RandomCrossoverFinder getSuggestion
AVERTISSEMENT: Compatible crossover: DEST=esi.finch.probs.syllables_fcf701e8_002_G5_T1_1820.exec()V, SRC=esi.finch.probs.syllables_fcf701e8_002_G5_T0_2208.exec()V failed after 1000 attempts
févr. 07, 2016 3:22:26 AM esi.finch.xo.RandomCrossoverFinder getSuggestion
AVERTISSEMENT: Compatible crossover: DEST=esi.finch.probs.syllables_fcf701e8_002_G6_T0_2670.exec()V, SRC=esi.finch.probs.syllables_fcf701e8_002_G6_T1_2405.exec()V failed after 1000 attempts
févr. 07, 2016 3:22:27 AM esi.finch.xo.RandomCrossoverFinder getSuggestion
AVERTISSEMENT: Compatible crossover: DEST=esi.finch.probs.syllables_fcf701e8_002_G6_T1_2452.exec()V, SRC=esi.finch.probs.syllables_fcf701e8_002_G6_T0_2485.exec()V failed after 1000 attempts
févr. 07, 2016 3:22:34 AM esi.finch.xo.RandomCrossoverFinder getSuggestion
AVERTISSEMENT: Compatible crossover: DEST=esi.finch.probs.syllables_fcf701e8_002_G5_T1_1902.exec()V, SRC=esi.finch.probs.syllables_fcf701e8_002_G6_T0_2684.exec()V failed after 1000 attempts
févr. 07, 2016 3:22:35 AM esi.finch.xo.RandomCrossoverFinder getSuggestion
AVERTISSEMENT: Compatible crossover: DEST=esi.finch.probs.syllables_fcf701e8_002_G6_T1_2334.exec()V, SRC=esi.finch.probs.syllables_fcf701e8_002_G6_T0_2707.exec()V failed after 1000 attempts
févr. 07, 2016 3:22:39 AM esi.finch.xo.RandomCrossoverFinder getSuggestion
AVERTISSEMENT: Compatible crossover: DEST=esi.finch.probs.syllables_fcf701e8_002_G7_T1_3053.exec()V, SRC=esi.finch.probs.syllables_fcf701e8_002_G7_T0_2919.exec()V failed after 1000 attempts
févr. 07, 2016 3:22:41 AM esi.finch.xo.RandomCrossoverFinder getSuggestion
AVERTISSEMENT: Compatible crossover: DEST=esi.finch.probs.syllables_fcf701e8_002_G6_T1_2403.exec()V, SRC=esi.finch.probs.syllables_fcf701e8_002_G6_T1_2334.exec()V failed after 1000 attempts
févr. 07, 2016 3:22:41 AM esi.finch.xo.RandomCrossoverFinder getSuggestion
AVERTISSEMENT: Compatible crossover: DEST=esi.finch.probs.syllables_fcf701e8_002_G7_T1_2932.exec()V, SRC=esi.finch.probs.syllables_fcf701e8_002_G6_T0_2593.exec()V failed after 1000 attempts
févr. 07, 2016 3:22:42 AM esi.finch.xo.RandomCrossoverFinder getSuggestion
AVERTISSEMENT: Compatible crossover: DEST=esi.finch.probs.syllables_fcf701e8_002_G7_T0_2956.exec()V, SRC=esi.finch.probs.syllables_fcf701e8_002_G7_T0_3121.exec()V failed after 1000 attempts
févr. 07, 2016 3:22:46 AM esi.finch.xo.RandomCrossoverFinder getSuggestion
AVERTISSEMENT: Compatible crossover: DEST=esi.finch.probs.syllables_fcf701e8_002_G7_T0_3036.exec()V, SRC=esi.finch.probs.syllables_fcf701e8_002_G7_T1_2850.exec()V failed after 1000 attempts
févr. 07, 2016 3:22:47 AM esi.finch.xo.RandomCrossoverFinder getSuggestion
AVERTISSEMENT: Compatible crossover: DEST=esi.finch.probs.syllables_fcf701e8_002_G7_T1_2938.exec()V, SRC=esi.finch.probs.syllables_fcf701e8_002_G7_T0_3118.exec()V failed after 1000 attempts
févr. 07, 2016 3:22:48 AM esi.finch.xo.RandomCrossoverFinder getSuggestion
AVERTISSEMENT: Compatible crossover: DEST=esi.finch.probs.syllables_fcf701e8_002_G7_T0_2878.exec()V, SRC=esi.finch.probs.syllables_fcf701e8_002_G7_T0_3097.exec()V failed after 1000 attempts
févr. 07, 2016 3:22:51 AM esi.finch.xo.RandomCrossoverFinder getSuggestion
AVERTISSEMENT: Compatible crossover: DEST=esi.finch.probs.syllables_fcf701e8_002_G6_T0_2664.exec()V, SRC=esi.finch.probs.syllables_fcf701e8_002_G6_T1_2366.exec()V failed after 1000 attempts
févr. 07, 2016 3:22:57 AM esi.finch.xo.RandomCrossoverFinder getSuggestion
AVERTISSEMENT: Compatible crossover: DEST=esi.finch.probs.syllables_fcf701e8_002_G8_T0_3342.exec()V, SRC=esi.finch.probs.syllables_fcf701e8_002_G8_T0_3499.exec()V failed after 1000 attempts
févr. 07, 2016 3:22:57 AM esi.finch.xo.RandomCrossoverFinder getSuggestion
AVERTISSEMENT: Compatible crossover: DEST=esi.finch.probs.syllables_fcf701e8_002_G7_T1_2932.exec()V, SRC=esi.finch.probs.syllables_fcf701e8_002_G8_T1_3351.exec()V failed after 1000 attempts
févr. 07, 2016 3:23:02 AM esi.finch.xo.RandomCrossoverFinder getSuggestion
AVERTISSEMENT: Compatible crossover: DEST=esi.finch.probs.syllables_fcf701e8_002_G6_T0_2693.exec()V, SRC=esi.finch.probs.syllables_fcf701e8_002_G7_T0_2826.exec()V failed after 1000 attempts
févr. 07, 2016 3:23:04 AM esi.finch.xo.RandomCrossoverFinder getSuggestion
AVERTISSEMENT: Compatible crossover: DEST=esi.finch.probs.syllables_fcf701e8_002_G8_T1_3457.exec()V, SRC=esi.finch.probs.syllables_fcf701e8_002_G8_T1_3370.exec()V failed after 1000 attempts
févr. 07, 2016 3:23:05 AM esi.finch.xo.RandomCrossoverFinder getSuggestion
AVERTISSEMENT: Compatible crossover: DEST=esi.finch.probs.syllables_fcf701e8_002_G8_T1_3362.exec()V, SRC=esi.finch.probs.syllables_fcf701e8_002_G8_T0_3301.exec()V failed after 1000 attempts
févr. 07, 2016 3:23:05 AM esi.finch.xo.RandomCrossoverFinder getSuggestion
AVERTISSEMENT: Compatible crossover: DEST=esi.finch.probs.syllables_fcf701e8_002_G8_T1_3230.exec()V, SRC=esi.finch.probs.syllables_fcf701e8_002_G7_T0_3036.exec()V failed after 1000 attempts
févr. 07, 2016 3:23:08 AM esi.finch.xo.RandomCrossoverFinder getSuggestion
AVERTISSEMENT: Compatible crossover: DEST=esi.finch.probs.syllables_fcf701e8_002_G8_T0_3167.exec()V, SRC=esi.finch.probs.syllables_fcf701e8_002_G8_T1_3212.exec()V failed after 1000 attempts
févr. 07, 2016 3:23:13 AM esi.finch.xo.RandomCrossoverFinder getSuggestion
AVERTISSEMENT: Compatible crossover: DEST=esi.finch.probs.syllables_fcf701e8_002_G8_T0_3405.exec()V, SRC=esi.finch.probs.syllables_fcf701e8_002_G7_T1_3055.exec()V failed after 1000 attempts
févr. 07, 2016 3:23:14 AM esi.finch.xo.RandomCrossoverFinder getSuggestion
AVERTISSEMENT: Compatible crossover: DEST=esi.finch.probs.syllables_fcf701e8_002_G8_T1_3336.exec()V, SRC=esi.finch.probs.syllables_fcf701e8_002_G8_T0_3176.exec()V failed after 1000 attempts
févr. 07, 2016 3:23:20 AM esi.finch.xo.RandomCrossoverFinder getSuggestion
AVERTISSEMENT: Compatible crossover: DEST=esi.finch.probs.syllables_fcf701e8_002_G9_T1_3638.exec()V, SRC=esi.finch.probs.syllables_fcf701e8_002_G9_T0_4017.exec()V failed after 1000 attempts
févr. 07, 2016 3:23:20 AM esi.finch.xo.RandomCrossoverFinder getSuggestion
AVERTISSEMENT: Compatible crossover: DEST=esi.finch.probs.syllables_fcf701e8_002_G9_T1_3821.exec()V, SRC=esi.finch.probs.syllables_fcf701e8_002_G9_T0_3685.exec()V failed after 1000 attempts
févr. 07, 2016 3:23:21 AM esi.finch.xo.RandomCrossoverFinder getSuggestion
AVERTISSEMENT: Compatible crossover: DEST=esi.finch.probs.syllables_fcf701e8_002_G8_T0_3303.exec()V, SRC=esi.finch.probs.syllables_fcf701e8_002_G9_T0_3890.exec()V failed after 1000 attempts
févr. 07, 2016 3:23:35 AM esi.finch.xo.RandomCrossoverFinder getSuggestion
AVERTISSEMENT: Compatible crossover: DEST=esi.finch.probs.syllables_fcf701e8_002.exec()V, SRC=esi.finch.probs.syllables_fcf701e8_002_G8_T1_3367.exec()V failed after 1000 attempts
févr. 07, 2016 3:23:37 AM esi.finch.ecj.bc.BytecodeProblem describe
INFOS: Best individual: Bytecode = esi.finch.probs.syllables_fcf701e8_002.exec()V [150]
févr. 07, 2016 3:23:37 AM esi.finch.ecj.Experiment run
INFOS: Experiment completed
févr. 07, 2016 3:23:37 AM esi.util.SandBox <clinit>
INFOS: Creating sandbox thread pool
févr. 07, 2016 3:23:37 AM esi.util.SandBox shutdown
INFOS: Shutting down sandbox thread pool
